{"/Users/jeremykay/Documents/Codesmith/job-app-tracker-iteration/client/src/App.jsx": {"path":"/Users/jeremykay/Documents/Codesmith/job-app-tracker-iteration/client/src/App.jsx","statementMap":{"0":{"start":{"line":8,"column":2},"end":{"line":17,"column":4}}},"fnMap":{"0":{"name":"App","decl":{"start":{"line":7,"column":24},"end":{"line":7,"column":27}},"loc":{"start":{"line":7,"column":30},"end":{"line":18,"column":1}},"line":7}},"branchMap":{},"s":{"0":3},"f":{"0":3},"b":{},"_coverageSchema":"1a1c01bbd47fc00a2c39e90264f33305004495a9","hash":"b5cdfd7705dad4338afa844b68dd876550046290"}
,"/Users/jeremykay/Documents/Codesmith/job-app-tracker-iteration/client/src/index.jsx": {"path":"/Users/jeremykay/Documents/Codesmith/job-app-tracker-iteration/client/src/index.jsx","statementMap":{"0":{"start":{"line":9,"column":0},"end":{"line":15,"column":2}},"1":{"start":{"line":20,"column":15},"end":{"line":20,"column":17}},"2":{"start":{"line":22,"column":2},"end":{"line":32,"column":3}},"3":{"start":{"line":23,"column":4},"end":{"line":31,"column":5}},"4":{"start":{"line":24,"column":6},"end":{"line":24,"column":30}},"5":{"start":{"line":25,"column":11},"end":{"line":31,"column":5}},"6":{"start":{"line":26,"column":6},"end":{"line":26,"column":26}},"7":{"start":{"line":27,"column":11},"end":{"line":31,"column":5}},"8":{"start":{"line":28,"column":6},"end":{"line":28,"column":26}},"9":{"start":{"line":30,"column":6},"end":{"line":30,"column":26}},"10":{"start":{"line":34,"column":2},"end":{"line":34,"column":27}},"11":{"start":{"line":37,"column":0},"end":{"line":37,"column":27}}},"fnMap":{"0":{"name":"fizz_buzz","decl":{"start":{"line":19,"column":9},"end":{"line":19,"column":18}},"loc":{"start":{"line":19,"column":28},"end":{"line":35,"column":1}},"line":19}},"branchMap":{"0":{"loc":{"start":{"line":23,"column":4},"end":{"line":31,"column":5}},"type":"if","locations":[{"start":{"line":23,"column":4},"end":{"line":31,"column":5}},{"start":{"line":25,"column":11},"end":{"line":31,"column":5}}],"line":23},"1":{"loc":{"start":{"line":25,"column":11},"end":{"line":31,"column":5}},"type":"if","locations":[{"start":{"line":25,"column":11},"end":{"line":31,"column":5}},{"start":{"line":27,"column":11},"end":{"line":31,"column":5}}],"line":25},"2":{"loc":{"start":{"line":27,"column":11},"end":{"line":31,"column":5}},"type":"if","locations":[{"start":{"line":27,"column":11},"end":{"line":31,"column":5}},{"start":{"line":29,"column":11},"end":{"line":31,"column":5}}],"line":27}},"s":{"0":0,"1":0,"2":0,"3":0,"4":0,"5":0,"6":0,"7":0,"8":0,"9":0,"10":0,"11":0},"f":{"0":0},"b":{"0":[0,0],"1":[0,0],"2":[0,0]}}
,"/Users/jeremykay/Documents/Codesmith/job-app-tracker-iteration/client/src/components/dashboard.jsx": {"path":"/Users/jeremykay/Documents/Codesmith/job-app-tracker-iteration/client/src/components/dashboard.jsx","statementMap":{"0":{"start":{"line":6,"column":18},"end":{"line":73,"column":1}},"1":{"start":{"line":7,"column":40},"end":{"line":7,"column":52}},"2":{"start":{"line":8,"column":36},"end":{"line":8,"column":48}},"3":{"start":{"line":10,"column":25},"end":{"line":13,"column":3}},"4":{"start":{"line":11,"column":4},"end":{"line":11,"column":23}},"5":{"start":{"line":12,"column":4},"end":{"line":12,"column":35}},"6":{"start":{"line":15,"column":26},"end":{"line":18,"column":3}},"7":{"start":{"line":16,"column":4},"end":{"line":16,"column":23}},"8":{"start":{"line":17,"column":4},"end":{"line":17,"column":33}},"9":{"start":{"line":20,"column":23},"end":{"line":23,"column":3}},"10":{"start":{"line":21,"column":4},"end":{"line":21,"column":23}},"11":{"start":{"line":22,"column":4},"end":{"line":22,"column":25}},"12":{"start":{"line":25,"column":2},"end":{"line":72,"column":4}}},"fnMap":{"0":{"name":"(anonymous_0)","decl":{"start":{"line":6,"column":18},"end":{"line":6,"column":19}},"loc":{"start":{"line":6,"column":24},"end":{"line":73,"column":1}},"line":6},"1":{"name":"(anonymous_1)","decl":{"start":{"line":10,"column":25},"end":{"line":10,"column":26}},"loc":{"start":{"line":10,"column":32},"end":{"line":13,"column":3}},"line":10},"2":{"name":"(anonymous_2)","decl":{"start":{"line":15,"column":26},"end":{"line":15,"column":27}},"loc":{"start":{"line":15,"column":32},"end":{"line":18,"column":3}},"line":15},"3":{"name":"(anonymous_3)","decl":{"start":{"line":20,"column":23},"end":{"line":20,"column":24}},"loc":{"start":{"line":20,"column":36},"end":{"line":23,"column":3}},"line":20}},"branchMap":{},"s":{"0":1,"1":0,"2":0,"3":0,"4":0,"5":0,"6":0,"7":0,"8":0,"9":0,"10":0,"11":0,"12":0},"f":{"0":0,"1":0,"2":0,"3":0},"b":{},"_coverageSchema":"1a1c01bbd47fc00a2c39e90264f33305004495a9","hash":"c733aa74ae96df2a2feaad16560a2d4689245a96"}
,"/Users/jeremykay/Documents/Codesmith/job-app-tracker-iteration/client/src/components/login.jsx": {"path":"/Users/jeremykay/Documents/Codesmith/job-app-tracker-iteration/client/src/components/login.jsx","statementMap":{"0":{"start":{"line":6,"column":14},"end":{"line":77,"column":1}},"1":{"start":{"line":7,"column":17},"end":{"line":7,"column":30}},"2":{"start":{"line":8,"column":22},"end":{"line":10,"column":3}},"3":{"start":{"line":9,"column":4},"end":{"line":9,"column":29}},"4":{"start":{"line":13,"column":4},"end":{"line":13,"column":27}},"5":{"start":{"line":15,"column":24},"end":{"line":15,"column":64}},"6":{"start":{"line":16,"column":24},"end":{"line":16,"column":64}},"7":{"start":{"line":20,"column":4},"end":{"line":41,"column":5}},"8":{"start":{"line":21,"column":6},"end":{"line":21,"column":34}},"9":{"start":{"line":22,"column":23},"end":{"line":32,"column":8}},"10":{"start":{"line":33,"column":6},"end":{"line":33,"column":41}},"11":{"start":{"line":34,"column":19},"end":{"line":34,"column":40}},"12":{"start":{"line":35,"column":6},"end":{"line":37,"column":7}},"13":{"start":{"line":36,"column":8},"end":{"line":36,"column":37}},"14":{"start":{"line":38,"column":6},"end":{"line":38,"column":24}},"15":{"start":{"line":40,"column":6},"end":{"line":40,"column":19}},"16":{"start":{"line":51,"column":2},"end":{"line":76,"column":4}}},"fnMap":{"0":{"name":"(anonymous_0)","decl":{"start":{"line":6,"column":14},"end":{"line":6,"column":15}},"loc":{"start":{"line":6,"column":20},"end":{"line":77,"column":1}},"line":6},"1":{"name":"(anonymous_1)","decl":{"start":{"line":8,"column":22},"end":{"line":8,"column":23}},"loc":{"start":{"line":8,"column":28},"end":{"line":10,"column":3}},"line":8},"2":{"name":"loginAccount","decl":{"start":{"line":12,"column":17},"end":{"line":12,"column":29}},"loc":{"start":{"line":12,"column":37},"end":{"line":49,"column":3}},"line":12}},"branchMap":{"0":{"loc":{"start":{"line":35,"column":6},"end":{"line":37,"column":7}},"type":"if","locations":[{"start":{"line":35,"column":6},"end":{"line":37,"column":7}},{"start":{},"end":{}}],"line":35}},"s":{"0":1,"1":0,"2":0,"3":0,"4":0,"5":0,"6":0,"7":0,"8":0,"9":0,"10":0,"11":0,"12":0,"13":0,"14":0,"15":0,"16":0},"f":{"0":0,"1":0,"2":0},"b":{"0":[0,0]},"_coverageSchema":"1a1c01bbd47fc00a2c39e90264f33305004495a9","hash":"dd8a2e8320f24c1ccbea5f4081349fb2a7f4feae"}
,"/Users/jeremykay/Documents/Codesmith/job-app-tracker-iteration/client/src/components/sidebar.jsx": {"path":"/Users/jeremykay/Documents/Codesmith/job-app-tracker-iteration/client/src/components/sidebar.jsx","statementMap":{"0":{"start":{"line":5,"column":2},"end":{"line":11,"column":4}}},"fnMap":{"0":{"name":"Sidebar","decl":{"start":{"line":4,"column":24},"end":{"line":4,"column":31}},"loc":{"start":{"line":4,"column":34},"end":{"line":12,"column":1}},"line":4}},"branchMap":{},"s":{"0":0},"f":{"0":0},"b":{},"_coverageSchema":"1a1c01bbd47fc00a2c39e90264f33305004495a9","hash":"6622fa8513dc03a5a1b3a2350680a6b034c86b01"}
,"/Users/jeremykay/Documents/Codesmith/job-app-tracker-iteration/client/src/components/sidebarBox.jsx": {"path":"/Users/jeremykay/Documents/Codesmith/job-app-tracker-iteration/client/src/components/sidebarBox.jsx","statementMap":{"0":{"start":{"line":4,"column":2},"end":{"line":9,"column":4}}},"fnMap":{"0":{"name":"SidebarBox","decl":{"start":{"line":3,"column":24},"end":{"line":3,"column":34}},"loc":{"start":{"line":3,"column":60},"end":{"line":10,"column":1}},"line":3}},"branchMap":{},"s":{"0":0},"f":{"0":0},"b":{},"_coverageSchema":"1a1c01bbd47fc00a2c39e90264f33305004495a9","hash":"845425d011f1625ceb966d8cd6a9e73072ad41a3"}
,"/Users/jeremykay/Documents/Codesmith/job-app-tracker-iteration/client/src/components/signup.jsx": {"path":"/Users/jeremykay/Documents/Codesmith/job-app-tracker-iteration/client/src/components/signup.jsx","statementMap":{"0":{"start":{"line":4,"column":15},"end":{"line":58,"column":1}},"1":{"start":{"line":5,"column":17},"end":{"line":5,"column":30}},"2":{"start":{"line":8,"column":24},"end":{"line":8,"column":59}},"3":{"start":{"line":9,"column":24},"end":{"line":9,"column":59}},"4":{"start":{"line":10,"column":25},"end":{"line":10,"column":61}},"5":{"start":{"line":11,"column":24},"end":{"line":11,"column":59}},"6":{"start":{"line":18,"column":4},"end":{"line":39,"column":9}},"7":{"start":{"line":31,"column":21},"end":{"line":31,"column":31}},"8":{"start":{"line":33,"column":8},"end":{"line":33,"column":52}},"9":{"start":{"line":34,"column":8},"end":{"line":34,"column":22}},"10":{"start":{"line":38,"column":8},"end":{"line":38,"column":25}},"11":{"start":{"line":42,"column":2},"end":{"line":57,"column":4}}},"fnMap":{"0":{"name":"(anonymous_0)","decl":{"start":{"line":4,"column":15},"end":{"line":4,"column":16}},"loc":{"start":{"line":4,"column":21},"end":{"line":58,"column":1}},"line":4},"1":{"name":"createAccount","decl":{"start":{"line":7,"column":11},"end":{"line":7,"column":24}},"loc":{"start":{"line":7,"column":27},"end":{"line":40,"column":3}},"line":7},"2":{"name":"(anonymous_2)","decl":{"start":{"line":31,"column":12},"end":{"line":31,"column":13}},"loc":{"start":{"line":31,"column":21},"end":{"line":31,"column":31}},"line":31},"3":{"name":"(anonymous_3)","decl":{"start":{"line":32,"column":12},"end":{"line":32,"column":13}},"loc":{"start":{"line":32,"column":22},"end":{"line":35,"column":7}},"line":32},"4":{"name":"(anonymous_4)","decl":{"start":{"line":36,"column":13},"end":{"line":36,"column":14}},"loc":{"start":{"line":36,"column":22},"end":{"line":39,"column":7}},"line":36}},"branchMap":{},"s":{"0":1,"1":0,"2":0,"3":0,"4":0,"5":0,"6":0,"7":0,"8":0,"9":0,"10":0,"11":0},"f":{"0":0,"1":0,"2":0,"3":0,"4":0},"b":{},"_coverageSchema":"1a1c01bbd47fc00a2c39e90264f33305004495a9","hash":"c6830f8c43e501fa46872a58ce9b996c4db5f2a8"}
,"/Users/jeremykay/Documents/Codesmith/job-app-tracker-iteration/client/src/components/application-card-component/application-card.jsx": {"path":"/Users/jeremykay/Documents/Codesmith/job-app-tracker-iteration/client/src/components/application-card-component/application-card.jsx","statementMap":{"0":{"start":{"line":4,"column":24},"end":{"line":15,"column":1}},"1":{"start":{"line":6,"column":2},"end":{"line":14,"column":3}}},"fnMap":{"0":{"name":"(anonymous_0)","decl":{"start":{"line":4,"column":24},"end":{"line":4,"column":25}},"loc":{"start":{"line":4,"column":77},"end":{"line":15,"column":1}},"line":4}},"branchMap":{},"s":{"0":1,"1":0},"f":{"0":0},"b":{},"_coverageSchema":"1a1c01bbd47fc00a2c39e90264f33305004495a9","hash":"951b705147f9cc6af668929e73a2a9f7db4b5e1b"}
,"/Users/jeremykay/Documents/Codesmith/job-app-tracker-iteration/client/src/components/application-list-component/application-list.jsx": {"path":"/Users/jeremykay/Documents/Codesmith/job-app-tracker-iteration/client/src/components/application-list-component/application-list.jsx","statementMap":{"0":{"start":{"line":4,"column":2},"end":{"line":28,"column":4}}},"fnMap":{"0":{"name":"ApplicationList","decl":{"start":{"line":3,"column":24},"end":{"line":3,"column":39}},"loc":{"start":{"line":3,"column":42},"end":{"line":29,"column":1}},"line":3}},"branchMap":{},"s":{"0":0},"f":{"0":0},"b":{},"_coverageSchema":"1a1c01bbd47fc00a2c39e90264f33305004495a9","hash":"a62164b533113a51ffbb2fa831e5132c139f9f69"}
,"/Users/jeremykay/Documents/Codesmith/job-app-tracker-iteration/client/src/redux/loginslice.jsx": {"path":"/Users/jeremykay/Documents/Codesmith/job-app-tracker-iteration/client/src/redux/loginslice.jsx","statementMap":{},"fnMap":{},"branchMap":{},"s":{},"f":{},"b":{}}
,"/Users/jeremykay/Documents/Codesmith/job-app-tracker-iteration/client/src/redux/store.jsx": {"path":"/Users/jeremykay/Documents/Codesmith/job-app-tracker-iteration/client/src/redux/store.jsx","statementMap":{"0":{"start":{"line":4,"column":21},"end":{"line":8,"column":2}}},"fnMap":{},"branchMap":{},"s":{"0":0},"f":{},"b":{}}
,"/Users/jeremykay/Documents/Codesmith/job-app-tracker-iteration/client/src/redux/actions/actionTypes.js": {"path":"/Users/jeremykay/Documents/Codesmith/job-app-tracker-iteration/client/src/redux/actions/actionTypes.js","statementMap":{"0":{"start":{"line":1,"column":24},"end":{"line":1,"column":34}},"1":{"start":{"line":2,"column":26},"end":{"line":2,"column":44}},"2":{"start":{"line":3,"column":25},"end":{"line":3,"column":37}},"3":{"start":{"line":4,"column":27},"end":{"line":4,"column":40}}},"fnMap":{},"branchMap":{},"s":{"0":0,"1":0,"2":0,"3":0},"f":{},"b":{}}
,"/Users/jeremykay/Documents/Codesmith/job-app-tracker-iteration/client/src/redux/actions/actions.js": {"path":"/Users/jeremykay/Documents/Codesmith/job-app-tracker-iteration/client/src/redux/actions/actions.js","statementMap":{"0":{"start":{"line":3,"column":23},"end":{"line":6,"column":4}},"1":{"start":{"line":3,"column":36},"end":{"line":6,"column":3}},"2":{"start":{"line":8,"column":25},"end":{"line":11,"column":2}},"3":{"start":{"line":8,"column":38},"end":{"line":11,"column":1}},"4":{"start":{"line":13,"column":24},"end":{"line":16,"column":4}},"5":{"start":{"line":13,"column":36},"end":{"line":16,"column":3}},"6":{"start":{"line":18,"column":26},"end":{"line":21,"column":2}},"7":{"start":{"line":18,"column":46},"end":{"line":21,"column":1}}},"fnMap":{"0":{"name":"(anonymous_0)","decl":{"start":{"line":3,"column":23},"end":{"line":3,"column":24}},"loc":{"start":{"line":3,"column":36},"end":{"line":6,"column":3}},"line":3},"1":{"name":"(anonymous_1)","decl":{"start":{"line":8,"column":25},"end":{"line":8,"column":26}},"loc":{"start":{"line":8,"column":38},"end":{"line":11,"column":1}},"line":8},"2":{"name":"(anonymous_2)","decl":{"start":{"line":13,"column":24},"end":{"line":13,"column":25}},"loc":{"start":{"line":13,"column":36},"end":{"line":16,"column":3}},"line":13},"3":{"name":"(anonymous_3)","decl":{"start":{"line":18,"column":26},"end":{"line":18,"column":27}},"loc":{"start":{"line":18,"column":46},"end":{"line":21,"column":1}},"line":18}},"branchMap":{},"s":{"0":0,"1":0,"2":0,"3":0,"4":0,"5":0,"6":0,"7":0},"f":{"0":0,"1":0,"2":0,"3":0},"b":{}}
,"/Users/jeremykay/Documents/Codesmith/job-app-tracker-iteration/client/src/redux/reducers/applicationsReducer.js": {"path":"/Users/jeremykay/Documents/Codesmith/job-app-tracker-iteration/client/src/redux/reducers/applicationsReducer.js","statementMap":{"0":{"start":{"line":3,"column":21},"end":{"line":9,"column":1}},"1":{"start":{"line":11,"column":28},"end":{"line":42,"column":1}},"2":{"start":{"line":13,"column":2},"end":{"line":41,"column":3}},"3":{"start":{"line":16,"column":6},"end":{"line":22,"column":8}},"4":{"start":{"line":27,"column":6},"end":{"line":33,"column":9}},"5":{"start":{"line":35,"column":6},"end":{"line":35,"column":12}},"6":{"start":{"line":37,"column":6},"end":{"line":37,"column":12}},"7":{"start":{"line":39,"column":6},"end":{"line":39,"column":19}}},"fnMap":{"0":{"name":"(anonymous_0)","decl":{"start":{"line":11,"column":28},"end":{"line":11,"column":29}},"loc":{"start":{"line":11,"column":62},"end":{"line":42,"column":1}},"line":11}},"branchMap":{"0":{"loc":{"start":{"line":11,"column":29},"end":{"line":11,"column":49}},"type":"default-arg","locations":[{"start":{"line":11,"column":37},"end":{"line":11,"column":49}}],"line":11},"1":{"loc":{"start":{"line":13,"column":2},"end":{"line":41,"column":3}},"type":"switch","locations":[{"start":{"line":14,"column":4},"end":{"line":33,"column":9}},{"start":{"line":34,"column":4},"end":{"line":35,"column":12}},{"start":{"line":36,"column":4},"end":{"line":37,"column":12}},{"start":{"line":38,"column":4},"end":{"line":40,"column":5}}],"line":13}},"s":{"0":0,"1":0,"2":0,"3":0,"4":0,"5":0,"6":0,"7":0},"f":{"0":0},"b":{"0":[0],"1":[0,0,0,0]}}
}
