TN:
SF:client/src/App.jsx
FN:7,App
FNF:1
FNH:1
FNDA:3,App
DA:8,3
LF:1
LH:1
BRF:0
BRH:0
end_of_record
TN:
SF:client/src/index.jsx
FNF:0
FNH:0
DA:9,0
LF:1
LH:0
BRF:0
BRH:0
end_of_record
TN:
SF:client/src/components/dashboard.jsx
FN:6,(anonymous_0)
FN:10,(anonymous_1)
FN:15,(anonymous_2)
FN:20,(anonymous_3)
FNF:4
FNH:0
FNDA:0,(anonymous_0)
FNDA:0,(anonymous_1)
FNDA:0,(anonymous_2)
FNDA:0,(anonymous_3)
DA:6,1
DA:7,0
DA:8,0
DA:10,0
DA:11,0
DA:12,0
DA:15,0
DA:16,0
DA:17,0
DA:20,0
DA:21,0
DA:22,0
DA:25,0
LF:13
LH:1
BRF:0
BRH:0
end_of_record
TN:
SF:client/src/components/login.jsx
FN:6,(anonymous_0)
FN:8,(anonymous_1)
FN:12,loginAccount
FNF:3
FNH:0
FNDA:0,(anonymous_0)
FNDA:0,(anonymous_1)
FNDA:0,loginAccount
DA:6,1
DA:7,0
DA:8,0
DA:9,0
DA:13,0
DA:15,0
DA:16,0
DA:20,0
DA:21,0
DA:22,0
DA:33,0
DA:34,0
DA:35,0
DA:36,0
DA:38,0
DA:40,0
DA:51,0
LF:17
LH:1
BRDA:35,0,0,0
BRDA:35,0,1,0
BRF:2
BRH:0
end_of_record
TN:
SF:client/src/components/sidebar.jsx
FN:4,Sidebar
FNF:1
FNH:0
FNDA:0,Sidebar
DA:5,0
LF:1
LH:0
BRF:0
BRH:0
end_of_record
TN:
SF:client/src/components/sidebarBox.jsx
FN:3,SidebarBox
FNF:1
FNH:0
FNDA:0,SidebarBox
DA:4,0
LF:1
LH:0
BRF:0
BRH:0
end_of_record
TN:
SF:client/src/components/signup.jsx
FN:4,(anonymous_0)
FN:7,createAccount
FN:31,(anonymous_2)
FN:32,(anonymous_3)
FN:36,(anonymous_4)
FNF:5
FNH:0
FNDA:0,(anonymous_0)
FNDA:0,createAccount
FNDA:0,(anonymous_2)
FNDA:0,(anonymous_3)
FNDA:0,(anonymous_4)
DA:4,1
DA:5,0
DA:8,0
DA:9,0
DA:10,0
DA:11,0
DA:18,0
DA:31,0
DA:33,0
DA:34,0
DA:38,0
DA:42,0
LF:12
LH:1
BRF:0
BRH:0
end_of_record
TN:
SF:client/src/components/application-card-component/application-card.jsx
FN:4,(anonymous_0)
FNF:1
FNH:0
FNDA:0,(anonymous_0)
DA:4,1
DA:6,0
LF:2
LH:1
BRF:0
BRH:0
end_of_record
TN:
SF:client/src/components/application-list-component/application-list.jsx
FN:3,ApplicationList
FNF:1
FNH:0
FNDA:0,ApplicationList
DA:4,0
LF:1
LH:0
BRF:0
BRH:0
end_of_record
TN:
SF:client/src/redux/loginslice.jsx
FNF:0
FNH:0
LF:0
LH:0
BRF:0
BRH:0
end_of_record
TN:
SF:client/src/redux/store.jsx
FNF:0
FNH:0
DA:4,0
LF:1
LH:0
BRF:0
BRH:0
end_of_record
TN:
SF:client/src/redux/actions/actionTypes.js
FNF:0
FNH:0
DA:1,0
DA:2,0
DA:3,0
DA:4,0
LF:4
LH:0
BRF:0
BRH:0
end_of_record
TN:
SF:client/src/redux/actions/actions.js
FN:3,(anonymous_0)
FN:8,(anonymous_1)
FN:13,(anonymous_2)
FN:18,(anonymous_3)
FNF:4
FNH:0
FNDA:0,(anonymous_0)
FNDA:0,(anonymous_1)
FNDA:0,(anonymous_2)
FNDA:0,(anonymous_3)
DA:3,0
DA:8,0
DA:13,0
DA:18,0
LF:4
LH:0
BRF:0
BRH:0
end_of_record
TN:
SF:client/src/redux/reducers/applicationsReducer.js
FN:11,(anonymous_0)
FNF:1
FNH:0
FNDA:0,(anonymous_0)
DA:3,0
DA:11,0
DA:13,0
DA:16,0
DA:27,0
DA:35,0
DA:37,0
DA:39,0
LF:8
LH:0
BRDA:11,0,0,0
BRDA:13,1,0,0
BRDA:13,1,1,0
BRDA:13,1,2,0
BRDA:13,1,3,0
BRF:5
BRH:0
end_of_record
